SF:lib/main.dart
DA:6,0
DA:10,1
DA:12,1
DA:13,1
DA:15,1
LF:5
LH:4
end_of_record
SF:lib/src/app/pages/home/home_view.dart
DA:7,8
DA:11,2
DA:14,2
DA:18,8
DA:20,2
DA:22,2
DA:23,2
DA:24,6
DA:26,2
DA:28,2
DA:29,2
DA:30,2
DA:32,2
DA:33,2
DA:34,2
DA:35,2
DA:36,4
DA:43,2
DA:44,2
DA:45,2
DA:46,4
DA:47,6
DA:51,2
DA:52,2
DA:53,2
DA:54,2
DA:62,2
DA:63,2
DA:64,2
DA:65,2
DA:77,2
DA:78,2
DA:79,2
DA:80,2
LF:34
LH:34
end_of_record
SF:lib/src/app/pages/home/home_controller.dart
DA:9,4
DA:10,4
DA:13,2
DA:15,2
DA:16,2
DA:18,2
DA:21,5
DA:22,2
DA:23,1
DA:24,1
DA:26,5
DA:27,1
DA:31,5
DA:32,1
DA:33,2
DA:34,4
DA:35,1
DA:36,1
DA:40,3
DA:41,3
DA:43,1
DA:44,2
DA:45,1
DA:48,0
DA:49,0
DA:51,0
DA:52,0
DA:54,2
DA:55,2
DA:57,2
DA:59,4
DA:60,2
LF:32
LH:28
end_of_record
SF:lib/src/app/pages/home/home_presenter.dart
DA:10,4
DA:12,1
DA:14,2
DA:15,2
DA:18,2
DA:20,4
DA:26,1
DA:27,1
DA:29,2
DA:30,3
DA:33,1
DA:35,2
DA:36,3
DA:39,1
DA:41,2
DA:42,4
LF:16
LH:16
end_of_record
SF:lib/src/app/widgets/button.dart
DA:7,1
DA:9,0
DA:13,0
DA:14,0
DA:15,0
DA:16,0
DA:19,0
DA:21,0
DA:23,0
DA:24,0
LF:10
LH:1
end_of_record
SF:lib/src/data/repositories/data_users_repository.dart
DA:7,9
DA:8,3
DA:9,6
DA:10,9
DA:11,3
DA:12,3
DA:15,6
DA:17,1
DA:20,1
DA:23,2
DA:27,10
LF:11
LH:11
end_of_record
SF:lib/src/domain/usecases/get_user_usecase.dart
DA:10,3
DA:12,2
DA:15,2
DA:18,6
DA:21,4
DA:22,4
DA:23,2
DA:25,4
DA:27,2
DA:29,2
DA:36,2
DA:42,2
LF:12
LH:12
end_of_record
SF:lib/src/domain/entities/user.dart
DA:5,5
DA:7,2
DA:8,6
LF:3
LH:3
end_of_record
